\BOOKMARK [0][-]{chapter.1}{Introduction}{}% 1
\BOOKMARK [0][-]{chapter.2}{Pr\351sentation de RapydScript}{}% 2
\BOOKMARK [1][-]{section.2.1}{Pourquoi utiliser Python plut\364t que Javascript ?}{chapter.2}% 3
\BOOKMARK [1][-]{section.2.2}{Diff\351rentes mani\350res d'aborder le probl\350me : CoffeeScript, Brython et RapydScript}{chapter.2}% 4
\BOOKMARK [1][-]{section.2.3}{Introduction \340 RapydScript}{chapter.2}% 5
\BOOKMARK [0][-]{chapter.3}{Documentation utilisateur}{}% 6
\BOOKMARK [1][-]{section.3.1}{Professeurs}{chapter.3}% 7
\BOOKMARK [1][-]{section.3.2}{\311tudiants}{chapter.3}% 8
\BOOKMARK [0][-]{chapter.4}{Fonctionnement g\351n\351ral de l'application}{}% 9
\BOOKMARK [1][-]{section.4.1}{URL}{chapter.4}% 10
\BOOKMARK [1][-]{section.4.2}{Organisation des fichiers de l'application}{chapter.4}% 11
\BOOKMARK [1][-]{section.4.3}{Biblioth\350ques et frameworks utilis\351s dans l'application}{chapter.4}% 12
\BOOKMARK [0][-]{chapter.5}{Mod\350le relationnel}{}% 13
\BOOKMARK [1][-]{section.5.1}{Introduction}{chapter.5}% 14
\BOOKMARK [1][-]{section.5.2}{Utilisation dans l'application de cr\351ation de quiz}{chapter.5}% 15
\BOOKMARK [0][-]{chapter.6}{Vues Django}{}% 16
\BOOKMARK [1][-]{section.6.1}{Concept de vue dans Django}{chapter.6}% 17
\BOOKMARK [1][-]{section.6.2}{Vues de l'application}{chapter.6}% 18
\BOOKMARK [1][-]{section.6.3}{Les formulaires}{chapter.6}% 19
\BOOKMARK [1][-]{section.6.4}{Le package utils}{chapter.6}% 20
\BOOKMARK [0][-]{chapter.7}{Outil d'\351dition de quiz avec RapydScript}{}% 21
\BOOKMARK [0][-]{chapter.8}{Conclusion}{}% 22
\BOOKMARK [0][-]{chapter.9}{Annexes}{}% 23
\BOOKMARK [1][-]{section.9.1}{Webographie}{chapter.9}% 24
\BOOKMARK [1][-]{section.9.2}{Illustrations}{chapter.9}% 25
